c:\users\kaveo\source\repos\kaveoo\ReadWriteKernel\x64\release\vc143.pdb
c:\users\kaveo\source\repos\kaveoo\ReadWriteKernel\x64\release\readwrite.obj
c:\users\kaveo\source\repos\kaveoo\ReadWriteKernel\x64\release\memory.obj
c:\users\kaveo\source\repos\kaveoo\ReadWriteKernel\x64\release\events.obj
c:\users\kaveo\source\repos\kaveoo\ReadWriteKernel\x64\release\communication.obj
c:\users\kaveo\source\repos\kaveoo\ReadWriteKernel\x64\release\ReadWriteKernel\ReadWriteKernel.cat
c:\users\kaveo\source\repos\kaveoo\ReadWriteKernel\x64\release\ReadWriteKernel.sys
c:\users\kaveo\source\repos\kaveoo\ReadWriteKernel\x64\release\ReadWriteKernel.pdb
c:\users\kaveo\source\repos\kaveoo\ReadWriteKernel\x64\release\ReadWriteKernel.inf
c:\users\kaveo\source\repos\kaveoo\ReadWriteKernel\x64\release\ReadWriteKernel.cer
c:\users\kaveo\source\repos\kaveoo\ReadWriteKernel\x64\release\read-wri.6435b452.tlog\cl.command.1.tlog
c:\users\kaveo\source\repos\kaveoo\ReadWriteKernel\x64\release\read-wri.6435b452.tlog\cl.items.tlog
c:\users\kaveo\source\repos\kaveoo\ReadWriteKernel\x64\release\read-wri.6435b452.tlog\cl.read.1.tlog
c:\users\kaveo\source\repos\kaveoo\ReadWriteKernel\x64\release\read-wri.6435b452.tlog\cl.write.1.tlog
c:\users\kaveo\source\repos\kaveoo\ReadWriteKernel\x64\release\read-wri.6435b452.tlog\inf2cat-expand.35612.read.1.tlog
c:\users\kaveo\source\repos\kaveoo\ReadWriteKernel\x64\release\read-wri.6435b452.tlog\inf2cat-expand.35612.write.1.tlog
c:\users\kaveo\source\repos\kaveoo\ReadWriteKernel\x64\release\read-wri.6435b452.tlog\inf2cat-expand.read.1.tlog
c:\users\kaveo\source\repos\kaveoo\ReadWriteKernel\x64\release\read-wri.6435b452.tlog\inf2cat-expand.write.1.tlog
c:\users\kaveo\source\repos\kaveoo\ReadWriteKernel\x64\release\read-wri.6435b452.tlog\inf2cat.command.1.tlog
c:\users\kaveo\source\repos\kaveoo\ReadWriteKernel\x64\release\read-wri.6435b452.tlog\inf2cat.read.1.tlog
c:\users\kaveo\source\repos\kaveoo\ReadWriteKernel\x64\release\read-wri.6435b452.tlog\inf2cat.write.1.tlog
c:\users\kaveo\source\repos\kaveoo\ReadWriteKernel\x64\release\read-wri.6435b452.tlog\link.command.1.tlog
c:\users\kaveo\source\repos\kaveoo\ReadWriteKernel\x64\release\read-wri.6435b452.tlog\link.read.1.tlog
c:\users\kaveo\source\repos\kaveoo\ReadWriteKernel\x64\release\read-wri.6435b452.tlog\link.secondary.1.tlog
c:\users\kaveo\source\repos\kaveoo\ReadWriteKernel\x64\release\read-wri.6435b452.tlog\link.write.1.tlog
c:\users\kaveo\source\repos\kaveoo\ReadWriteKernel\x64\release\read-wri.6435b452.tlog\signtool.command.1.tlog
c:\users\kaveo\source\repos\kaveoo\ReadWriteKernel\x64\release\read-wri.6435b452.tlog\signtool.read.1.tlog
c:\users\kaveo\source\repos\kaveoo\ReadWriteKernel\x64\release\read-wri.6435b452.tlog\signtool.timestamp.1.tlog
c:\users\kaveo\source\repos\kaveoo\ReadWriteKernel\x64\release\read-wri.6435b452.tlog\signtool.write.1.tlog
c:\users\kaveo\source\repos\kaveoo\ReadWriteKernel\x64\release\read-wri.6435b452.tlog\stampinf.command.1.tlog
c:\users\kaveo\source\repos\kaveoo\ReadWriteKernel\x64\release\read-wri.6435b452.tlog\stampinf.read.1.tlog
c:\users\kaveo\source\repos\kaveoo\ReadWriteKernel\x64\release\read-wri.6435b452.tlog\stampinf.write.1.tlog
