c:\users\kaveo\desktop\readwritekernel\readwritekernel\x64\release\vc143.pdb
c:\users\kaveo\desktop\readwritekernel\readwritekernel\x64\release\readwrite.obj
c:\users\kaveo\desktop\readwritekernel\readwritekernel\x64\release\memory.obj
c:\users\kaveo\desktop\readwritekernel\readwritekernel\x64\release\events.obj
c:\users\kaveo\desktop\readwritekernel\readwritekernel\x64\release\communication.obj
c:\users\kaveo\desktop\readwritekernel\readwritekernel\x64\release\readwritekernel.sys
c:\users\kaveo\desktop\readwritekernel\readwritekernel\x64\release\readwritekernel.pdb
c:\users\kaveo\desktop\readwritekernel\readwritekernel\x64\release\readwritekernel.inf
c:\users\kaveo\desktop\readwritekernel\readwritekernel\x64\release\readwritekernel.cer
c:\users\kaveo\desktop\readwritekernel\readwritekernel\x64\release\readwritekernel.tlog\cl.command.1.tlog
c:\users\kaveo\desktop\readwritekernel\readwritekernel\x64\release\readwritekernel.tlog\cl.read.1.tlog
c:\users\kaveo\desktop\readwritekernel\readwritekernel\x64\release\readwritekernel.tlog\cl.write.1.tlog
c:\users\kaveo\desktop\readwritekernel\readwritekernel\x64\release\readwritekernel.tlog\link.command.1.tlog
c:\users\kaveo\desktop\readwritekernel\readwritekernel\x64\release\readwritekernel.tlog\link.read.1.tlog
c:\users\kaveo\desktop\readwritekernel\readwritekernel\x64\release\readwritekernel.tlog\link.secondary.1.tlog
c:\users\kaveo\desktop\readwritekernel\readwritekernel\x64\release\readwritekernel.tlog\link.write.1.tlog
c:\users\kaveo\desktop\readwritekernel\readwritekernel\x64\release\readwritekernel.tlog\signtool.command.1.tlog
c:\users\kaveo\desktop\readwritekernel\readwritekernel\x64\release\readwritekernel.tlog\signtool.read.1.tlog
c:\users\kaveo\desktop\readwritekernel\readwritekernel\x64\release\readwritekernel.tlog\signtool.timestamp.1.tlog
c:\users\kaveo\desktop\readwritekernel\readwritekernel\x64\release\readwritekernel.tlog\signtool.write.1.tlog
c:\users\kaveo\desktop\readwritekernel\readwritekernel\x64\release\readwritekernel.tlog\stampinf.command.1.tlog
c:\users\kaveo\desktop\readwritekernel\readwritekernel\x64\release\readwritekernel.tlog\stampinf.read.1.tlog
c:\users\kaveo\desktop\readwritekernel\readwritekernel\x64\release\readwritekernel.tlog\stampinf.write.1.tlog
