c:\users\kaveo\source\repos\kaveoo\read-write-kernel-driver\x64\release\vc143.pdb
c:\users\kaveo\source\repos\kaveoo\read-write-kernel-driver\x64\release\readwrite.obj
c:\users\kaveo\source\repos\kaveoo\read-write-kernel-driver\x64\release\events.obj
c:\users\kaveo\source\repos\kaveoo\read-write-kernel-driver\x64\release\communication.obj
c:\users\kaveo\desktop\read-write-kernel-driver\x64\release\read-write-kernel-driver\read-write-kernel-driver.cat
c:\users\kaveo\source\repos\kaveoo\read-write-kernel-driver\x64\release\read-write-kernel-driver\read-write-kernel-driver.cat
c:\users\kaveo\source\repos\kaveoo\read-write-kernel-driver\x64\release\read-write-kernel-driver.sys
c:\users\kaveo\source\repos\kaveoo\read-write-kernel-driver\x64\release\read-write-kernel-driver.pdb
c:\users\kaveo\desktop\read-write-kernel-driver\x64\release\read-write-kernel-driver.sys
c:\users\kaveo\desktop\read-write-kernel-driver\x64\release\read-write-kernel-driver.inf
c:\users\kaveo\source\repos\kaveoo\read-write-kernel-driver\x64\release\read-write-kernel-driver.inf
c:\users\kaveo\source\repos\kaveoo\read-write-kernel-driver\x64\release\read-write-kernel-driver.cer
c:\users\kaveo\source\repos\kaveoo\read-write-kernel-driver\x64\release\read-wri.6435b452.tlog\cl.command.1.tlog
c:\users\kaveo\source\repos\kaveoo\read-write-kernel-driver\x64\release\read-wri.6435b452.tlog\cl.items.tlog
c:\users\kaveo\source\repos\kaveoo\read-write-kernel-driver\x64\release\read-wri.6435b452.tlog\cl.read.1.tlog
c:\users\kaveo\source\repos\kaveoo\read-write-kernel-driver\x64\release\read-wri.6435b452.tlog\cl.write.1.tlog
c:\users\kaveo\source\repos\kaveoo\read-write-kernel-driver\x64\release\read-wri.6435b452.tlog\inf2cat-expand.10012.read.1.tlog
c:\users\kaveo\source\repos\kaveoo\read-write-kernel-driver\x64\release\read-wri.6435b452.tlog\inf2cat-expand.10012.write.1.tlog
c:\users\kaveo\source\repos\kaveoo\read-write-kernel-driver\x64\release\read-wri.6435b452.tlog\inf2cat-expand.1088.read.1.tlog
c:\users\kaveo\source\repos\kaveoo\read-write-kernel-driver\x64\release\read-wri.6435b452.tlog\inf2cat-expand.1088.write.1.tlog
c:\users\kaveo\source\repos\kaveoo\read-write-kernel-driver\x64\release\read-wri.6435b452.tlog\inf2cat-expand.11392.read.1.tlog
c:\users\kaveo\source\repos\kaveoo\read-write-kernel-driver\x64\release\read-wri.6435b452.tlog\inf2cat-expand.11392.write.1.tlog
c:\users\kaveo\source\repos\kaveoo\read-write-kernel-driver\x64\release\read-wri.6435b452.tlog\inf2cat-expand.13808.read.1.tlog
c:\users\kaveo\source\repos\kaveoo\read-write-kernel-driver\x64\release\read-wri.6435b452.tlog\inf2cat-expand.13808.write.1.tlog
c:\users\kaveo\source\repos\kaveoo\read-write-kernel-driver\x64\release\read-wri.6435b452.tlog\inf2cat-expand.15712.read.1.tlog
c:\users\kaveo\source\repos\kaveoo\read-write-kernel-driver\x64\release\read-wri.6435b452.tlog\inf2cat-expand.15712.write.1.tlog
c:\users\kaveo\source\repos\kaveoo\read-write-kernel-driver\x64\release\read-wri.6435b452.tlog\inf2cat-expand.17912.read.1.tlog
c:\users\kaveo\source\repos\kaveoo\read-write-kernel-driver\x64\release\read-wri.6435b452.tlog\inf2cat-expand.17912.write.1.tlog
c:\users\kaveo\source\repos\kaveoo\read-write-kernel-driver\x64\release\read-wri.6435b452.tlog\inf2cat-expand.21180.read.1.tlog
c:\users\kaveo\source\repos\kaveoo\read-write-kernel-driver\x64\release\read-wri.6435b452.tlog\inf2cat-expand.21180.write.1.tlog
c:\users\kaveo\source\repos\kaveoo\read-write-kernel-driver\x64\release\read-wri.6435b452.tlog\inf2cat-expand.22076.read.1.tlog
c:\users\kaveo\source\repos\kaveoo\read-write-kernel-driver\x64\release\read-wri.6435b452.tlog\inf2cat-expand.22076.write.1.tlog
c:\users\kaveo\source\repos\kaveoo\read-write-kernel-driver\x64\release\read-wri.6435b452.tlog\inf2cat-expand.23256.read.1.tlog
c:\users\kaveo\source\repos\kaveoo\read-write-kernel-driver\x64\release\read-wri.6435b452.tlog\inf2cat-expand.23256.write.1.tlog
c:\users\kaveo\source\repos\kaveoo\read-write-kernel-driver\x64\release\read-wri.6435b452.tlog\inf2cat-expand.24956.read.1.tlog
c:\users\kaveo\source\repos\kaveoo\read-write-kernel-driver\x64\release\read-wri.6435b452.tlog\inf2cat-expand.24956.write.1.tlog
c:\users\kaveo\source\repos\kaveoo\read-write-kernel-driver\x64\release\read-wri.6435b452.tlog\inf2cat-expand.2680.read.1.tlog
c:\users\kaveo\source\repos\kaveoo\read-write-kernel-driver\x64\release\read-wri.6435b452.tlog\inf2cat-expand.2680.write.1.tlog
c:\users\kaveo\source\repos\kaveoo\read-write-kernel-driver\x64\release\read-wri.6435b452.tlog\inf2cat-expand.3644.read.1.tlog
c:\users\kaveo\source\repos\kaveoo\read-write-kernel-driver\x64\release\read-wri.6435b452.tlog\inf2cat-expand.3644.write.1.tlog
c:\users\kaveo\source\repos\kaveoo\read-write-kernel-driver\x64\release\read-wri.6435b452.tlog\inf2cat-expand.8608.read.1.tlog
c:\users\kaveo\source\repos\kaveoo\read-write-kernel-driver\x64\release\read-wri.6435b452.tlog\inf2cat-expand.8608.write.1.tlog
c:\users\kaveo\source\repos\kaveoo\read-write-kernel-driver\x64\release\read-wri.6435b452.tlog\inf2cat-expand.read.1.tlog
c:\users\kaveo\source\repos\kaveoo\read-write-kernel-driver\x64\release\read-wri.6435b452.tlog\inf2cat-expand.write.1.tlog
c:\users\kaveo\source\repos\kaveoo\read-write-kernel-driver\x64\release\read-wri.6435b452.tlog\inf2cat.command.1.tlog
c:\users\kaveo\source\repos\kaveoo\read-write-kernel-driver\x64\release\read-wri.6435b452.tlog\inf2cat.read.1.tlog
c:\users\kaveo\source\repos\kaveoo\read-write-kernel-driver\x64\release\read-wri.6435b452.tlog\inf2cat.write.1.tlog
c:\users\kaveo\source\repos\kaveoo\read-write-kernel-driver\x64\release\read-wri.6435b452.tlog\link.command.1.tlog
c:\users\kaveo\source\repos\kaveoo\read-write-kernel-driver\x64\release\read-wri.6435b452.tlog\link.read.1.tlog
c:\users\kaveo\source\repos\kaveoo\read-write-kernel-driver\x64\release\read-wri.6435b452.tlog\link.secondary.1.tlog
c:\users\kaveo\source\repos\kaveoo\read-write-kernel-driver\x64\release\read-wri.6435b452.tlog\link.write.1.tlog
c:\users\kaveo\source\repos\kaveoo\read-write-kernel-driver\x64\release\read-wri.6435b452.tlog\signtool.command.1.tlog
c:\users\kaveo\source\repos\kaveoo\read-write-kernel-driver\x64\release\read-wri.6435b452.tlog\signtool.read.1.tlog
c:\users\kaveo\source\repos\kaveoo\read-write-kernel-driver\x64\release\read-wri.6435b452.tlog\signtool.timestamp.1.tlog
c:\users\kaveo\source\repos\kaveoo\read-write-kernel-driver\x64\release\read-wri.6435b452.tlog\signtool.write.1.tlog
c:\users\kaveo\source\repos\kaveoo\read-write-kernel-driver\x64\release\read-wri.6435b452.tlog\stampinf.command.1.tlog
c:\users\kaveo\source\repos\kaveoo\read-write-kernel-driver\x64\release\read-wri.6435b452.tlog\stampinf.read.1.tlog
c:\users\kaveo\source\repos\kaveoo\read-write-kernel-driver\x64\release\read-wri.6435b452.tlog\stampinf.write.1.tlog
