  Building 'READ-WRITE-KERNEL-DRIVER' with toolset 'WindowsKernelModeDriver10.0' and the 'Universal' target platform.
  Stamping x64\Release\READ-WRITE-KERNEL-DRIVER.inf
  Stamping [Version] section with DriverVer=02/21/2025,7.48.31.466
  Events.c
  ReadWrite.c
  Generating Code...
  READ-WRITE-KERNEL-DRIVER.vcxproj -> C:\Users\kaveO\Desktop\READ-WRITE-KERNEL-DRIVER\x64\Release\READ-WRITE-KERNEL-DRIVER.sys
  Done Adding Additional Store
  Successfully signed: C:\Users\kaveO\Desktop\READ-WRITE-KERNEL-DRIVER\x64\Release\READ-WRITE-KERNEL-DRIVER.sys
  
  Driver is 'Universal'.
  .........................
  Signability test complete.
  
  Errors:
  None
  
  Warnings:
  None
  
  Catalog generation complete.
  C:\Users\kaveO\Desktop\READ-WRITE-KERNEL-DRIVER\x64\Release\READ-WRITE-KERNEL-DRIVER\read-write-kernel-driver.cat
  Done Adding Additional Store
  Successfully signed: C:\Users\kaveO\Desktop\READ-WRITE-KERNEL-DRIVER\x64\Release\READ-WRITE-KERNEL-DRIVER\read-write-kernel-driver.cat
  
