c:\users\kaveo\source\repos\kaveoo\read-write-kernel-driver\x64\debug\vc143.pdb
c:\users\kaveo\source\repos\kaveoo\read-write-kernel-driver\x64\debug\readwrite.obj
c:\users\kaveo\source\repos\kaveoo\read-write-kernel-driver\x64\debug\events.obj
c:\users\kaveo\source\repos\kaveoo\read-write-kernel-driver\x64\debug\communication.obj
c:\users\kaveo\source\repos\kaveoo\read-write-kernel-driver\x64\debug\read-write-kernel-driver\read-write-kernel-driver.cat
c:\users\kaveo\source\repos\kaveoo\read-write-kernel-driver\x64\debug\read-write-kernel-driver.sys
c:\users\kaveo\source\repos\kaveoo\read-write-kernel-driver\x64\debug\read-write-kernel-driver.pdb
c:\users\kaveo\source\repos\kaveoo\read-write-kernel-driver\x64\debug\read-write-kernel-driver.inf
c:\users\kaveo\source\repos\kaveoo\read-write-kernel-driver\x64\debug\read-write-kernel-driver.cer
c:\users\kaveo\source\repos\kaveoo\read-write-kernel-driver\x64\debug\read-wri.6435b452.tlog\cl.command.1.tlog
c:\users\kaveo\source\repos\kaveoo\read-write-kernel-driver\x64\debug\read-wri.6435b452.tlog\cl.items.tlog
c:\users\kaveo\source\repos\kaveoo\read-write-kernel-driver\x64\debug\read-wri.6435b452.tlog\cl.read.1.tlog
c:\users\kaveo\source\repos\kaveoo\read-write-kernel-driver\x64\debug\read-wri.6435b452.tlog\cl.write.1.tlog
c:\users\kaveo\source\repos\kaveoo\read-write-kernel-driver\x64\debug\read-wri.6435b452.tlog\inf2cat-expand.20176.read.1.tlog
c:\users\kaveo\source\repos\kaveoo\read-write-kernel-driver\x64\debug\read-wri.6435b452.tlog\inf2cat-expand.20176.write.1.tlog
c:\users\kaveo\source\repos\kaveoo\read-write-kernel-driver\x64\debug\read-wri.6435b452.tlog\inf2cat-expand.21344.read.1.tlog
c:\users\kaveo\source\repos\kaveoo\read-write-kernel-driver\x64\debug\read-wri.6435b452.tlog\inf2cat-expand.21344.write.1.tlog
c:\users\kaveo\source\repos\kaveoo\read-write-kernel-driver\x64\debug\read-wri.6435b452.tlog\inf2cat-expand.24728.read.1.tlog
c:\users\kaveo\source\repos\kaveoo\read-write-kernel-driver\x64\debug\read-wri.6435b452.tlog\inf2cat-expand.24728.write.1.tlog
c:\users\kaveo\source\repos\kaveoo\read-write-kernel-driver\x64\debug\read-wri.6435b452.tlog\inf2cat-expand.read.1.tlog
c:\users\kaveo\source\repos\kaveoo\read-write-kernel-driver\x64\debug\read-wri.6435b452.tlog\inf2cat-expand.write.1.tlog
c:\users\kaveo\source\repos\kaveoo\read-write-kernel-driver\x64\debug\read-wri.6435b452.tlog\inf2cat.command.1.tlog
c:\users\kaveo\source\repos\kaveoo\read-write-kernel-driver\x64\debug\read-wri.6435b452.tlog\inf2cat.read.1.tlog
c:\users\kaveo\source\repos\kaveoo\read-write-kernel-driver\x64\debug\read-wri.6435b452.tlog\inf2cat.write.1.tlog
c:\users\kaveo\source\repos\kaveoo\read-write-kernel-driver\x64\debug\read-wri.6435b452.tlog\link.command.1.tlog
c:\users\kaveo\source\repos\kaveoo\read-write-kernel-driver\x64\debug\read-wri.6435b452.tlog\link.read.1.tlog
c:\users\kaveo\source\repos\kaveoo\read-write-kernel-driver\x64\debug\read-wri.6435b452.tlog\link.secondary.1.tlog
c:\users\kaveo\source\repos\kaveoo\read-write-kernel-driver\x64\debug\read-wri.6435b452.tlog\link.write.1.tlog
c:\users\kaveo\source\repos\kaveoo\read-write-kernel-driver\x64\debug\read-wri.6435b452.tlog\signtool.command.1.tlog
c:\users\kaveo\source\repos\kaveoo\read-write-kernel-driver\x64\debug\read-wri.6435b452.tlog\signtool.read.1.tlog
c:\users\kaveo\source\repos\kaveoo\read-write-kernel-driver\x64\debug\read-wri.6435b452.tlog\signtool.timestamp.1.tlog
c:\users\kaveo\source\repos\kaveoo\read-write-kernel-driver\x64\debug\read-wri.6435b452.tlog\signtool.write.1.tlog
c:\users\kaveo\source\repos\kaveoo\read-write-kernel-driver\x64\debug\read-wri.6435b452.tlog\stampinf.command.1.tlog
c:\users\kaveo\source\repos\kaveoo\read-write-kernel-driver\x64\debug\read-wri.6435b452.tlog\stampinf.read.1.tlog
c:\users\kaveo\source\repos\kaveoo\read-write-kernel-driver\x64\debug\read-wri.6435b452.tlog\stampinf.write.1.tlog
