c:\users\kaveo\desktop\readwritekernel\readwritekernel\x64\debug\vc143.pdb
c:\users\kaveo\desktop\readwritekernel\readwritekernel\x64\debug\readwrite.obj
c:\users\kaveo\desktop\readwritekernel\readwritekernel\x64\debug\memory.obj
c:\users\kaveo\desktop\readwritekernel\readwritekernel\x64\debug\events.obj
c:\users\kaveo\desktop\readwritekernel\readwritekernel\x64\debug\communication.obj
c:\users\kaveo\desktop\readwritekernel\readwritekernel\x64\debug\readwritekernel\readwritekernel.cat
c:\users\kaveo\desktop\readwritekernel\readwritekernel\x64\debug\readwritekernel.sys
c:\users\kaveo\desktop\readwritekernel\readwritekernel\x64\debug\readwritekernel.pdb
c:\users\kaveo\desktop\readwritekernel\readwritekernel\x64\debug\readwritekernel.inf
c:\users\kaveo\desktop\readwritekernel\readwritekernel\x64\debug\readwritekernel.cer
c:\users\kaveo\desktop\readwritekernel\readwritekernel\x64\debug\readwritekernel.tlog\cl.command.1.tlog
c:\users\kaveo\desktop\readwritekernel\readwritekernel\x64\debug\readwritekernel.tlog\cl.items.tlog
c:\users\kaveo\desktop\readwritekernel\readwritekernel\x64\debug\readwritekernel.tlog\cl.read.1.tlog
c:\users\kaveo\desktop\readwritekernel\readwritekernel\x64\debug\readwritekernel.tlog\cl.write.1.tlog
c:\users\kaveo\desktop\readwritekernel\readwritekernel\x64\debug\readwritekernel.tlog\inf2cat-expand.33304.read.1.tlog
c:\users\kaveo\desktop\readwritekernel\readwritekernel\x64\debug\readwritekernel.tlog\inf2cat-expand.33304.write.1.tlog
c:\users\kaveo\desktop\readwritekernel\readwritekernel\x64\debug\readwritekernel.tlog\inf2cat-expand.read.1.tlog
c:\users\kaveo\desktop\readwritekernel\readwritekernel\x64\debug\readwritekernel.tlog\inf2cat-expand.write.1.tlog
c:\users\kaveo\desktop\readwritekernel\readwritekernel\x64\debug\readwritekernel.tlog\inf2cat.command.1.tlog
c:\users\kaveo\desktop\readwritekernel\readwritekernel\x64\debug\readwritekernel.tlog\inf2cat.read.1.tlog
c:\users\kaveo\desktop\readwritekernel\readwritekernel\x64\debug\readwritekernel.tlog\inf2cat.write.1.tlog
c:\users\kaveo\desktop\readwritekernel\readwritekernel\x64\debug\readwritekernel.tlog\link.command.1.tlog
c:\users\kaveo\desktop\readwritekernel\readwritekernel\x64\debug\readwritekernel.tlog\link.read.1.tlog
c:\users\kaveo\desktop\readwritekernel\readwritekernel\x64\debug\readwritekernel.tlog\link.secondary.1.tlog
c:\users\kaveo\desktop\readwritekernel\readwritekernel\x64\debug\readwritekernel.tlog\link.write.1.tlog
c:\users\kaveo\desktop\readwritekernel\readwritekernel\x64\debug\readwritekernel.tlog\signtool.command.1.tlog
c:\users\kaveo\desktop\readwritekernel\readwritekernel\x64\debug\readwritekernel.tlog\signtool.read.1.tlog
c:\users\kaveo\desktop\readwritekernel\readwritekernel\x64\debug\readwritekernel.tlog\signtool.timestamp.1.tlog
c:\users\kaveo\desktop\readwritekernel\readwritekernel\x64\debug\readwritekernel.tlog\signtool.write.1.tlog
c:\users\kaveo\desktop\readwritekernel\readwritekernel\x64\debug\readwritekernel.tlog\stampinf.command.1.tlog
c:\users\kaveo\desktop\readwritekernel\readwritekernel\x64\debug\readwritekernel.tlog\stampinf.read.1.tlog
c:\users\kaveo\desktop\readwritekernel\readwritekernel\x64\debug\readwritekernel.tlog\stampinf.write.1.tlog
